c:\users\jeffrey_taube\desktop\analysis\plugin-gui\builds\visualstudio2013\x64\release64\placeholderprocessoreditor.obj
c:\users\jeffrey_taube\desktop\analysis\plugin-gui\builds\visualstudio2013\x64\release64\channel.obj
c:\users\jeffrey_taube\desktop\analysis\plugin-gui\builds\visualstudio2013\x64\release64\databuffer.obj
c:\users\jeffrey_taube\desktop\analysis\plugin-gui\builds\visualstudio2013\x64\release64\filesource.obj
c:\users\jeffrey_taube\desktop\analysis\plugin-gui\builds\visualstudio2013\x64\release64\parametereditor.obj
c:\users\jeffrey_taube\desktop\analysis\plugin-gui\builds\visualstudio2013\x64\release64\recordnode.obj
c:\users\jeffrey_taube\desktop\analysis\plugin-gui\builds\visualstudio2013\x64\release64\matlablikeplot.obj
c:\users\jeffrey_taube\desktop\analysis\plugin-gui\builds\visualstudio2013\x64\release64\processorlist.obj
c:\users\jeffrey_taube\desktop\analysis\plugin-gui\builds\visualstudio2013\x64\release64\mainwindow.obj
c:\users\jeffrey_taube\desktop\analysis\plugin-gui\builds\visualstudio2013\x64\release64\juce_data_structures.obj
c:\users\jeffrey_taube\desktop\analysis\plugin-gui\builds\visualstudio2013\x64\release64\juce_opengl.obj
c:\users\jeffrey_taube\desktop\analysis\plugin-gui\builds\visualstudio2013\x64\release64\bessel.obj
c:\users\jeffrey_taube\desktop\analysis\plugin-gui\builds\visualstudio2013\x64\release64\chebyshevi.obj
c:\users\jeffrey_taube\desktop\analysis\plugin-gui\builds\visualstudio2013\x64\release64\documentation.obj
c:\users\jeffrey_taube\desktop\analysis\plugin-gui\builds\visualstudio2013\x64\release64\polefilter.obj
c:\users\jeffrey_taube\desktop\analysis\plugin-gui\builds\visualstudio2013\x64\release64\ofserial.obj
c:\users\jeffrey_taube\desktop\analysis\plugin-gui\builds\visualstudio2013\x64\release64\rhd2000thread.obj
c:\users\jeffrey_taube\desktop\analysis\plugin-gui\builds\visualstudio2013\x64\release64\filereader.obj
c:\users\jeffrey_taube\desktop\analysis\plugin-gui\builds\visualstudio2013\x64\release64\parameter.obj
c:\users\jeffrey_taube\desktop\analysis\plugin-gui\builds\visualstudio2013\x64\release64\sourcenode.obj
c:\users\jeffrey_taube\desktop\analysis\plugin-gui\builds\visualstudio2013\x64\release64\tiledbuttongroupmanager.obj
c:\users\jeffrey_taube\desktop\analysis\plugin-gui\builds\visualstudio2013\x64\release64\graphviewer.obj
c:\users\jeffrey_taube\desktop\analysis\plugin-gui\builds\visualstudio2013\x64\release64\listsliceparser.obj
c:\users\jeffrey_taube\desktop\analysis\plugin-gui\builds\visualstudio2013\x64\release64\juce_audio_formats.obj
c:\users\jeffrey_taube\desktop\analysis\plugin-gui\builds\visualstudio2013\x64\release64\juce_gui_extra.obj
c:\users\jeffrey_taube\desktop\analysis\plugin-gui\builds\visualstudio2013\x64\release64\linearsmoothedvalueatomic.obj
c:\users\jeffrey_taube\desktop\analysis\plugin-gui\builds\visualstudio2013\x64\release64\audionode.obj
c:\users\jeffrey_taube\desktop\analysis\plugin-gui\builds\visualstudio2013\x64\release64\datathread.obj
c:\users\jeffrey_taube\desktop\analysis\plugin-gui\builds\visualstudio2013\x64\release64\merger.obj
c:\users\jeffrey_taube\desktop\analysis\plugin-gui\builds\visualstudio2013\x64\release64\recordthread.obj
c:\users\jeffrey_taube\desktop\analysis\plugin-gui\builds\visualstudio2013\x64\release64\splittereditor.obj
c:\users\jeffrey_taube\desktop\analysis\plugin-gui\builds\visualstudio2013\x64\release64\customlookandfeel.obj
c:\users\jeffrey_taube\desktop\analysis\plugin-gui\builds\visualstudio2013\x64\release64\dataviewport.obj
c:\users\jeffrey_taube\desktop\analysis\plugin-gui\builds\visualstudio2013\x64\release64\binarydata.obj
c:\users\jeffrey_taube\desktop\analysis\plugin-gui\builds\visualstudio2013\x64\release64\juce_audio_basics.obj
c:\users\jeffrey_taube\desktop\analysis\plugin-gui\builds\visualstudio2013\x64\release64\juce_audio_processors.obj
c:\users\jeffrey_taube\desktop\analysis\plugin-gui\builds\visualstudio2013\x64\release64\audiocomponent.obj
c:\users\jeffrey_taube\desktop\analysis\plugin-gui\builds\visualstudio2013\x64\release64\audioeditor.obj
c:\users\jeffrey_taube\desktop\analysis\plugin-gui\builds\visualstudio2013\x64\release64\rhd2000evalboard.obj
c:\users\jeffrey_taube\desktop\analysis\plugin-gui\builds\visualstudio2013\x64\release64\imageicon.obj
c:\users\jeffrey_taube\desktop\analysis\plugin-gui\builds\visualstudio2013\x64\release64\genericprocessor.obj
c:\users\jeffrey_taube\desktop\analysis\plugin-gui\builds\visualstudio2013\x64\release64\dataqueue.obj
c:\users\jeffrey_taube\desktop\analysis\plugin-gui\builds\visualstudio2013\x64\release64\sourcenodeeditor.obj
c:\users\jeffrey_taube\desktop\analysis\plugin-gui\builds\visualstudio2013\x64\release64\linearbuttongroupmanager.obj
c:\users\jeffrey_taube\desktop\analysis\plugin-gui\builds\visualstudio2013\x64\release64\editorviewportbuttons.obj
c:\users\jeffrey_taube\desktop\analysis\plugin-gui\builds\visualstudio2013\x64\release64\uicomponent.obj
c:\users\jeffrey_taube\desktop\analysis\plugin-gui\builds\visualstudio2013\x64\release64\juce_audio_utils.obj
c:\users\jeffrey_taube\desktop\analysis\plugin-gui\builds\visualstudio2013\x64\release64\practicalsocket.obj
c:\users\jeffrey_taube\desktop\analysis\plugin-gui\builds\visualstudio2013\x64\release64\custom.obj
c:\users\jeffrey_taube\desktop\analysis\plugin-gui\builds\visualstudio2013\x64\release64\filter.obj
c:\users\jeffrey_taube\desktop\analysis\plugin-gui\builds\visualstudio2013\x64\release64\rbj.obj
c:\users\jeffrey_taube\desktop\analysis\plugin-gui\builds\visualstudio2013\x64\release64\processormanager.obj
c:\users\jeffrey_taube\desktop\analysis\plugin-gui\builds\visualstudio2013\x64\release64\rhd2000datablock.obj
c:\users\jeffrey_taube\desktop\analysis\plugin-gui\builds\visualstudio2013\x64\release64\electrodebuttons.obj
c:\users\jeffrey_taube\desktop\analysis\plugin-gui\builds\visualstudio2013\x64\release64\filereadereditor.obj
c:\users\jeffrey_taube\desktop\analysis\plugin-gui\builds\visualstudio2013\x64\release64\processorgraph.obj
c:\users\jeffrey_taube\desktop\analysis\plugin-gui\builds\visualstudio2013\x64\release64\splitter.obj
c:\users\jeffrey_taube\desktop\analysis\plugin-gui\builds\visualstudio2013\x64\release64\materialbuttonlookandfeel.obj
c:\users\jeffrey_taube\desktop\analysis\plugin-gui\builds\visualstudio2013\x64\release64\editorviewport.obj
c:\users\jeffrey_taube\desktop\analysis\plugin-gui\builds\visualstudio2013\x64\release64\main.obj
c:\users\jeffrey_taube\desktop\analysis\plugin-gui\builds\visualstudio2013\x64\release64\juce_events.obj
c:\users\jeffrey_taube\desktop\analysis\plugin-gui\builds\visualstudio2013\x64\release64\juce_video.obj
c:\users\jeffrey_taube\desktop\analysis\plugin-gui\builds\visualstudio2013\x64\release64\placeholderprocessor.obj
c:\users\jeffrey_taube\desktop\analysis\plugin-gui\builds\visualstudio2013\x64\release64\rhd2000editor.obj
c:\users\jeffrey_taube\desktop\analysis\plugin-gui\builds\visualstudio2013\x64\release64\visualizereditor.obj
c:\users\jeffrey_taube\desktop\analysis\plugin-gui\builds\visualstudio2013\x64\release64\messagecentereditor.obj
c:\users\jeffrey_taube\desktop\analysis\plugin-gui\builds\visualstudio2013\x64\release64\recordengine.obj
c:\users\jeffrey_taube\desktop\analysis\plugin-gui\builds\visualstudio2013\x64\release64\spikeobject.obj
c:\users\jeffrey_taube\desktop\analysis\plugin-gui\builds\visualstudio2013\x64\release64\customarrowbutton.obj
c:\users\jeffrey_taube\desktop\analysis\plugin-gui\builds\visualstudio2013\x64\release64\controlpanel.obj
c:\users\jeffrey_taube\desktop\analysis\plugin-gui\builds\visualstudio2013\x64\release64\juce_audio_devices.obj
c:\users\jeffrey_taube\desktop\analysis\plugin-gui\builds\visualstudio2013\x64\release64\juce_graphics.obj
c:\users\jeffrey_taube\desktop\analysis\plugin-gui\builds\visualstudio2013\x64\release64\biquad.obj
c:\users\jeffrey_taube\desktop\analysis\plugin-gui\builds\visualstudio2013\x64\release64\cascade.obj
c:\users\jeffrey_taube\desktop\analysis\plugin-gui\builds\visualstudio2013\x64\release64\design.obj
c:\users\jeffrey_taube\desktop\analysis\plugin-gui\builds\visualstudio2013\x64\release64\legendre.obj
c:\users\jeffrey_taube\desktop\analysis\plugin-gui\builds\visualstudio2013\x64\release64\rootfinder.obj
c:\users\jeffrey_taube\desktop\analysis\plugin-gui\builds\visualstudio2013\x64\release64\pluginclass.obj
c:\users\jeffrey_taube\desktop\analysis\plugin-gui\builds\visualstudio2013\x64\release64\okfrontpaneldll.obj
c:\users\jeffrey_taube\desktop\analysis\plugin-gui\builds\visualstudio2013\x64\release64\channelselector.obj
c:\users\jeffrey_taube\desktop\analysis\plugin-gui\builds\visualstudio2013\x64\release64\mergereditor.obj
c:\users\jeffrey_taube\desktop\analysis\plugin-gui\builds\visualstudio2013\x64\release64\engineconfigwindow.obj
c:\users\jeffrey_taube\desktop\analysis\plugin-gui\builds\visualstudio2013\x64\release64\visualizer.obj
c:\users\jeffrey_taube\desktop\analysis\plugin-gui\builds\visualstudio2013\x64\release64\buttongroupmanager.obj
c:\users\jeffrey_taube\desktop\analysis\plugin-gui\builds\visualstudio2013\x64\release64\signalchainmanager.obj
c:\users\jeffrey_taube\desktop\analysis\plugin-gui\builds\visualstudio2013\x64\release64\coreservices.obj
c:\users\jeffrey_taube\desktop\analysis\plugin-gui\builds\visualstudio2013\x64\release64\juce_cryptography.obj
c:\users\jeffrey_taube\desktop\analysis\plugin-gui\builds\visualstudio2013\x64\release64\juce_gui_basics.obj
c:\users\jeffrey_taube\desktop\analysis\plugin-gui\builds\visualstudio2013\x64\release64\butterworth.obj
c:\users\jeffrey_taube\desktop\analysis\plugin-gui\builds\visualstudio2013\x64\release64\chebyshevii.obj
c:\users\jeffrey_taube\desktop\analysis\plugin-gui\builds\visualstudio2013\x64\release64\elliptic.obj
c:\users\jeffrey_taube\desktop\analysis\plugin-gui\builds\visualstudio2013\x64\release64\param.obj
c:\users\jeffrey_taube\desktop\analysis\plugin-gui\builds\visualstudio2013\x64\release64\state.obj
c:\users\jeffrey_taube\desktop\analysis\plugin-gui\builds\visualstudio2013\x64\release64\pluginmanager.obj
c:\users\jeffrey_taube\desktop\analysis\plugin-gui\builds\visualstudio2013\x64\release64\rhd2000registers.obj
c:\users\jeffrey_taube\desktop\analysis\plugin-gui\builds\visualstudio2013\x64\release64\genericeditor.obj
c:\users\jeffrey_taube\desktop\analysis\plugin-gui\builds\visualstudio2013\x64\release64\messagecenter.obj
c:\users\jeffrey_taube\desktop\analysis\plugin-gui\builds\visualstudio2013\x64\release64\originalrecording.obj
c:\users\jeffrey_taube\desktop\analysis\plugin-gui\builds\visualstudio2013\x64\release64\datawindow.obj
c:\users\jeffrey_taube\desktop\analysis\plugin-gui\builds\visualstudio2013\x64\release64\materialsliderlookandfeel.obj
c:\users\jeffrey_taube\desktop\analysis\plugin-gui\builds\visualstudio2013\x64\release64\infolabel.obj
c:\users\jeffrey_taube\desktop\analysis\plugin-gui\builds\visualstudio2013\x64\release64\accessclass.obj
c:\users\jeffrey_taube\desktop\analysis\plugin-gui\builds\visualstudio2013\x64\release64\juce_core.obj
c:\users\jeffrey_taube\desktop\analysis\plugin-gui\builds\visualstudio2013\x64\release64\vc120.pdb
c:\users\jeffrey_taube\desktop\analysis\plugin-gui\builds\visualstudio2013\x64\release64\bin\open-ephys.exe
c:\users\jeffrey_taube\desktop\analysis\plugin-gui\builds\visualstudio2013\x64\release64\bin\open-ephys.lib
c:\users\jeffrey_taube\desktop\analysis\plugin-gui\builds\visualstudio2013\x64\release64\bin\open-ephys.exp
c:\users\jeffrey_taube\desktop\analysis\plugin-gui\builds\visualstudio2013\x64\release64\resources.res
c:\users\jeffrey_taube\desktop\analysis\plugin-gui\builds\visualstudio2013\.\x64\release64\bin\open-ephys.exe
c:\users\jeffrey_taube\desktop\analysis\plugin-gui\builds\visualstudio2013\x64\release64\open-ephys.tlog\cl.command.1.tlog
c:\users\jeffrey_taube\desktop\analysis\plugin-gui\builds\visualstudio2013\x64\release64\open-ephys.tlog\cl.read.1.tlog
c:\users\jeffrey_taube\desktop\analysis\plugin-gui\builds\visualstudio2013\x64\release64\open-ephys.tlog\cl.write.1.tlog
c:\users\jeffrey_taube\desktop\analysis\plugin-gui\builds\visualstudio2013\x64\release64\open-ephys.tlog\link.command.1.tlog
c:\users\jeffrey_taube\desktop\analysis\plugin-gui\builds\visualstudio2013\x64\release64\open-ephys.tlog\link.read.1.tlog
c:\users\jeffrey_taube\desktop\analysis\plugin-gui\builds\visualstudio2013\x64\release64\open-ephys.tlog\link.write.1.tlog
c:\users\jeffrey_taube\desktop\analysis\plugin-gui\builds\visualstudio2013\x64\release64\open-ephys.tlog\open-ephys.write.1u.tlog
c:\users\jeffrey_taube\desktop\analysis\plugin-gui\builds\visualstudio2013\x64\release64\open-ephys.tlog\rc.command.1.tlog
c:\users\jeffrey_taube\desktop\analysis\plugin-gui\builds\visualstudio2013\x64\release64\open-ephys.tlog\rc.read.1.tlog
c:\users\jeffrey_taube\desktop\analysis\plugin-gui\builds\visualstudio2013\x64\release64\open-ephys.tlog\rc.write.1.tlog
